------------------  ---------------
ELBO_task              -5.75294e+10
loglikelihood_task     -5.75294e+10
KL_loss_task        24209.6
Pred_obs_loss_task      1.04554e+07
Pred_rew_loss_task      1.20781e+06
AverageReturn          24
Epoch                  85
SampleStep           5036
------------------  ---------------
2021-06-18 15:39:28.191170 CST | [2021_06_18_15_38_56] Iteration #5036 | Epoch Duration: 31.88035559654236
2021-06-18 15:39:28.191253 CST | [2021_06_18_15_38_56] Iteration #5036 | Started Training: True
------------------  --------
ELBO_task           -73091.1
loglikelihood_task  -73089.1
KL_loss_task         20627.9
Pred_obs_loss_task  548720
Pred_rew_loss_task   53097.3
AverageReturn           24
Epoch                   88
SampleStep            5114
------------------  --------
2021-06-18 15:41:07.845637 CST | [2021_06_18_15_38_56] Iteration #5114 | Epoch Duration: 33.20116829872131
2021-06-18 15:41:07.845744 CST | [2021_06_18_15_38_56] Iteration #5114 | Started Training: True
