------------------  ----------------
ELBO_task               -1.34805e+11
loglikelihood_task      -1.34805e+11
KL_loss_task         23979.6
Pred_obs_loss_task       4.46466e+07
Pred_rew_loss_task  858230
AverageReturn           24.1429
Epoch                    4
SampleStep            5345
------------------  ----------------
2021-06-18 15:48:34.242690 CST | [2021_06_18_15_48_02] Iteration #5345 | Epoch Duration: 31.891510486602783
2021-06-18 15:48:34.242790 CST | [2021_06_18_15_48_02] Iteration #5345 | Started Training: True
------------------  ----------------
ELBO_task               -2.34783e+07
loglikelihood_task      -2.34783e+07
KL_loss_task         20618.9
Pred_obs_loss_task  574476
Pred_rew_loss_task   10394.1
AverageReturn           24.2222
Epoch                    5
SampleStep            6393
------------------  ----------------
2021-06-18 15:50:28.581478 CST | [2021_06_18_15_48_02] Iteration #6393 | Epoch Duration: 114.33860445022583
2021-06-18 15:50:28.581561 CST | [2021_06_18_15_48_02] Iteration #6393 | Started Training: True
------------------  -----------
ELBO_task           -18670
loglikelihood_task  -18668
KL_loss_task         20663
Pred_obs_loss_task  191264
Pred_rew_loss_task    8418.84
AverageReturn           24.1364
Epoch                    6
SampleStep            7448
------------------  -----------
2021-06-18 15:52:12.359852 CST | [2021_06_18_15_48_02] Iteration #7448 | Epoch Duration: 103.77822923660278
2021-06-18 15:52:12.359930 CST | [2021_06_18_15_48_02] Iteration #7448 | Started Training: True
------------------  --------
ELBO_task           -8169.89
loglikelihood_task  -8167.83
KL_loss_task        20612.8
Pred_obs_loss_task  66779.2
Pred_rew_loss_task   5350.05
AverageReturn          24.25
Epoch                   7
SampleStep           8462
------------------  --------
2021-06-18 15:53:53.542564 CST | [2021_06_18_15_48_02] Iteration #8462 | Epoch Duration: 101.18254899978638
2021-06-18 15:53:53.542653 CST | [2021_06_18_15_48_02] Iteration #8462 | Started Training: True
------------------  ----------
ELBO_task           -4309.7
loglikelihood_task  -4307.63
KL_loss_task        20726.1
Pred_obs_loss_task  39520.3
Pred_rew_loss_task   2371.29
AverageReturn          24.2941
Epoch                   8
SampleStep           9517
------------------  ----------
2021-06-18 15:55:37.440157 CST | [2021_06_18_15_48_02] Iteration #9517 | Epoch Duration: 103.89742255210876
2021-06-18 15:55:37.440236 CST | [2021_06_18_15_48_02] Iteration #9517 | Started Training: True
------------------  --------
ELBO_task           -1985.89
loglikelihood_task  -1983.75
KL_loss_task        21417
Pred_obs_loss_task  17401.6
Pred_rew_loss_task   1148.91
AverageReturn          24.6
Epoch                   9
SampleStep          10625
------------------  --------
2021-06-18 15:57:24.949710 CST | [2021_06_18_15_48_02] Iteration #10625 | Epoch Duration: 107.50938677787781
2021-06-18 15:57:24.949791 CST | [2021_06_18_15_48_02] Iteration #10625 | Started Training: True
------------------  ----------
ELBO_task            -486.65
loglikelihood_task   -484.272
KL_loss_task        23776.5
Pred_obs_loss_task   4224.23
Pred_rew_loss_task    250.702
AverageReturn          24.2609
Epoch                  10
SampleStep          11645
------------------  ----------
2021-06-18 15:59:06.222876 CST | [2021_06_18_15_48_02] Iteration #11645 | Epoch Duration: 101.27298998832703
2021-06-18 15:59:06.222955 CST | [2021_06_18_15_48_02] Iteration #11645 | Started Training: True
------------------  ----------
ELBO_task            -123.347
loglikelihood_task   -120.727
KL_loss_task        26198.6
Pred_obs_loss_task    877.421
Pred_rew_loss_task     48.1317
AverageReturn          24.2941
Epoch                  11
SampleStep          12668
------------------  ----------
2021-06-18 16:00:47.737967 CST | [2021_06_18_15_48_02] Iteration #12668 | Epoch Duration: 101.51491379737854
2021-06-18 16:00:47.738047 CST | [2021_06_18_15_48_02] Iteration #12668 | Started Training: True
------------------  -----------
ELBO_task             -45.7535
loglikelihood_task    -42.9076
KL_loss_task        28459.2
Pred_obs_loss_task    140.197
Pred_rew_loss_task      6.85216
AverageReturn          24.0625
Epoch                  12
SampleStep          13693
------------------  -----------
2021-06-18 16:02:29.479051 CST | [2021_06_18_15_48_02] Iteration #13693 | Epoch Duration: 101.74091148376465
2021-06-18 16:02:29.479135 CST | [2021_06_18_15_48_02] Iteration #13693 | Started Training: True
------------------  -----------
ELBO_task             -35.3229
loglikelihood_task    -32.3489
KL_loss_task        29739.4
Pred_obs_loss_task     36.2233
Pred_rew_loss_task      1.64585
AverageReturn          24.2632
Epoch                  13
SampleStep          14832
------------------  -----------
2021-06-18 16:04:19.363480 CST | [2021_06_18_15_48_02] Iteration #14832 | Epoch Duration: 109.88425779342651
2021-06-18 16:04:19.363558 CST | [2021_06_18_15_48_02] Iteration #14832 | Started Training: True
------------------  ------------
ELBO_task             -32.7232
loglikelihood_task    -29.6899
KL_loss_task        30333.1
Pred_obs_loss_task      8.80975
Pred_rew_loss_task      0.457639
AverageReturn          24.0588
Epoch                  14
SampleStep          15947
------------------  ------------
2021-06-18 16:06:07.483229 CST | [2021_06_18_15_48_02] Iteration #15947 | Epoch Duration: 108.11959266662598
2021-06-18 16:06:07.483320 CST | [2021_06_18_15_48_02] Iteration #15947 | Started Training: True
------------------  ------------
ELBO_task             -32.6672
loglikelihood_task    -29.6436
KL_loss_task        30236.2
Pred_obs_loss_task      6.34438
Pred_rew_loss_task      0.635763
AverageReturn          24.0625
Epoch                  15
SampleStep          16972
------------------  ------------
2021-06-18 16:07:49.215729 CST | [2021_06_18_15_48_02] Iteration #16972 | Epoch Duration: 101.73232841491699
2021-06-18 16:07:49.215809 CST | [2021_06_18_15_48_02] Iteration #16972 | Started Training: True
------------------  -----------
ELBO_task             -37.9486
loglikelihood_task    -34.9353
KL_loss_task        30132.9
Pred_obs_loss_task     78.8504
Pred_rew_loss_task      1.20525
AverageReturn          24.0714
Epoch                  16
SampleStep          17977
------------------  -----------
2021-06-18 16:09:29.655594 CST | [2021_06_18_15_48_02] Iteration #17977 | Epoch Duration: 100.43970537185669
2021-06-18 16:09:29.655679 CST | [2021_06_18_15_48_02] Iteration #17977 | Started Training: True
------------------  ------------
ELBO_task             -34.7254
loglikelihood_task    -31.7125
KL_loss_task        30129.1
Pred_obs_loss_task     33.7716
Pred_rew_loss_task      0.950505
AverageReturn          24
Epoch                  17
SampleStep          18993
------------------  ------------
2021-06-18 16:11:10.614497 CST | [2021_06_18_15_48_02] Iteration #18993 | Epoch Duration: 100.95870566368103
2021-06-18 16:11:10.614579 CST | [2021_06_18_15_48_02] Iteration #18993 | Started Training: True
------------------  ------------
ELBO_task             -33.2471
loglikelihood_task    -30.2444
KL_loss_task        30027.7
Pred_obs_loss_task     14.6299
Pred_rew_loss_task      0.695032
AverageReturn          24.05
Epoch                  18
SampleStep          19994
------------------  ------------
2021-06-18 16:12:50.579254 CST | [2021_06_18_15_48_02] Iteration #19994 | Epoch Duration: 99.96458292007446
2021-06-18 16:12:50.579338 CST | [2021_06_18_15_48_02] Iteration #19994 | Started Training: True
------------------  ------------
ELBO_task             -32.6194
loglikelihood_task    -29.6277
KL_loss_task        29916.8
Pred_obs_loss_task      5.53402
Pred_rew_loss_task      0.693274
AverageReturn          24.3
Epoch                  19
SampleStep          21000
------------------  ------------
2021-06-18 16:14:31.101398 CST | [2021_06_18_15_48_02] Iteration #21000 | Epoch Duration: 100.52196764945984
2021-06-18 16:14:31.101479 CST | [2021_06_18_15_48_02] Iteration #21000 | Started Training: True
------------------  ------------
ELBO_task             -32.7992
loglikelihood_task    -29.8107
KL_loss_task        29885.1
Pred_obs_loss_task     10.9229
Pred_rew_loss_task      0.424856
AverageReturn          24.1667
Epoch                  20
SampleStep          22047
------------------  ------------
2021-06-18 16:16:14.439364 CST | [2021_06_18_15_48_02] Iteration #22047 | Epoch Duration: 103.33780336380005
2021-06-18 16:16:14.439450 CST | [2021_06_18_15_48_02] Iteration #22047 | Started Training: True
------------------  -----------
ELBO_task             -36.9313
loglikelihood_task    -33.9241
KL_loss_task        30072.2
Pred_obs_loss_task     36.2922
Pred_rew_loss_task      3.96679
AverageReturn          24.5
Epoch                  21
SampleStep          23068
------------------  -----------
2021-06-18 16:17:55.645229 CST | [2021_06_18_15_48_02] Iteration #23068 | Epoch Duration: 101.20567154884338
2021-06-18 16:17:55.645312 CST | [2021_06_18_15_48_02] Iteration #23068 | Started Training: True
------------------  ----------
ELBO_task             -33.6941
loglikelihood_task    -30.6674
KL_loss_task        30267.3
Pred_obs_loss_task     16.1793
Pred_rew_loss_task      1.1652
AverageReturn          24
Epoch                  22
SampleStep          24098
------------------  ----------
2021-06-18 16:19:37.762191 CST | [2021_06_18_15_48_02] Iteration #24098 | Epoch Duration: 102.11679935455322
2021-06-18 16:19:37.762278 CST | [2021_06_18_15_48_02] Iteration #24098 | Started Training: True
------------------  ------------
ELBO_task             -32.6528
loglikelihood_task    -29.6251
KL_loss_task        30277
Pred_obs_loss_task      6.38477
Pred_rew_loss_task      0.604429
AverageReturn          24.0588
Epoch                  23
SampleStep          25181
------------------  ------------
2021-06-18 16:21:23.902154 CST | [2021_06_18_15_48_02] Iteration #25181 | Epoch Duration: 106.13978171348572
2021-06-18 16:21:23.902239 CST | [2021_06_18_15_48_02] Iteration #25181 | Started Training: True
------------------  ------------
ELBO_task             -36.053
loglikelihood_task    -33.0436
KL_loss_task        30094.1
Pred_obs_loss_task     53.1986
Pred_rew_loss_task      0.974921
AverageReturn          24.0588
Epoch                  24
SampleStep          26200
------------------  ------------
2021-06-18 16:23:05.134929 CST | [2021_06_18_15_48_02] Iteration #26200 | Epoch Duration: 101.23260855674744
2021-06-18 16:23:05.135011 CST | [2021_06_18_15_48_02] Iteration #26200 | Started Training: True
------------------  ------------
ELBO_task             -32.4062
loglikelihood_task    -29.4113
KL_loss_task        29948.6
Pred_obs_loss_task      4.93559
Pred_rew_loss_task      0.433341
AverageReturn          24.0667
Epoch                  25
SampleStep          27231
------------------  ------------
2021-06-18 16:24:46.951640 CST | [2021_06_18_15_48_02] Iteration #27231 | Epoch Duration: 101.81654715538025
2021-06-18 16:24:46.951722 CST | [2021_06_18_15_48_02] Iteration #27231 | Started Training: True
------------------  -----------
ELBO_task             -34.5537
loglikelihood_task    -31.5882
KL_loss_task        29655
Pred_obs_loss_task      9.89803
Pred_rew_loss_task      3.15421
AverageReturn          24.2222
Epoch                  26
SampleStep          28311
------------------  -----------
2021-06-18 16:26:33.202517 CST | [2021_06_18_15_48_02] Iteration #28311 | Epoch Duration: 106.25070858001709
2021-06-18 16:26:33.202598 CST | [2021_06_18_15_48_02] Iteration #28311 | Started Training: True
------------------  ------------
ELBO_task             -32.2198
loglikelihood_task    -29.2892
KL_loss_task        29306
Pred_obs_loss_task      4.15978
Pred_rew_loss_task      0.330436
AverageReturn          24.0625
Epoch                  27
SampleStep          29400
------------------  ------------
2021-06-18 16:28:20.837682 CST | [2021_06_18_15_48_02] Iteration #29400 | Epoch Duration: 107.63499069213867
2021-06-18 16:28:20.837762 CST | [2021_06_18_15_48_02] Iteration #29400 | Started Training: True
------------------  ------------
ELBO_task             -32.4049
loglikelihood_task    -29.4954
KL_loss_task        29095.2
Pred_obs_loss_task      7.40751
Pred_rew_loss_task      0.310404
AverageReturn          24.0909
Epoch                  28
SampleStep          30454
------------------  ------------
2021-06-18 16:30:05.908715 CST | [2021_06_18_15_48_02] Iteration #30454 | Epoch Duration: 105.070871591568
2021-06-18 16:30:05.908795 CST | [2021_06_18_15_48_02] Iteration #30454 | Started Training: True
------------------  ------------
ELBO_task             -32.4134
loglikelihood_task    -29.5302
KL_loss_task        28832.7
Pred_obs_loss_task      4.3938
Pred_rew_loss_task      0.663189
AverageReturn          24.0455
Epoch                  29
SampleStep          31507
------------------  ------------
2021-06-18 16:31:49.859467 CST | [2021_06_18_15_48_02] Iteration #31507 | Epoch Duration: 103.95058727264404
2021-06-18 16:31:49.859546 CST | [2021_06_18_15_48_02] Iteration #31507 | Started Training: True
