------------------  ---------------
ELBO_task              -5.72969e+10
loglikelihood_task     -5.72969e+10
KL_loss_task        23994.1
Pred_obs_loss_task      1.91946e+07
Pred_rew_loss_task      2.10173e+07
AverageReturn          24
Epoch                  82
SampleStep           5028
------------------  ---------------
2021-06-18 15:29:33.779230 CST | [2021_06_18_15_29_30] Iteration #5028 | Epoch Duration: 3.667483329772949
2021-06-18 15:29:33.779329 CST | [2021_06_18_15_29_30] Iteration #5028 | Started Training: True
------------------  ----------------
ELBO_task               -1.95021e+08
loglikelihood_task      -1.95021e+08
KL_loss_task         22087.4
Pred_obs_loss_task  611946
Pred_rew_loss_task       8.57994e+06
AverageReturn           24
Epoch                   84
SampleStep            5240
------------------  ----------------
2021-06-18 15:30:28.761524 CST | [2021_06_18_15_29_30] Iteration #5240 | Epoch Duration: 38.561957597732544
2021-06-18 15:30:28.761634 CST | [2021_06_18_15_29_30] Iteration #5240 | Started Training: True
------------------  ----------------
ELBO_task               -1.33057e+08
loglikelihood_task      -1.33057e+08
KL_loss_task         20152
Pred_obs_loss_task  477862
Pred_rew_loss_task       7.08188e+06
AverageReturn           24
Epoch                   87
SampleStep            5414
------------------  ----------------
2021-06-18 15:31:19.547849 CST | [2021_06_18_15_29_30] Iteration #5414 | Epoch Duration: 16.34866976737976
2021-06-18 15:31:19.547920 CST | [2021_06_18_15_29_30] Iteration #5414 | Started Training: True
------------------  ----------------
ELBO_task               -4.38358e+07
loglikelihood_task      -4.38358e+07
KL_loss_task         19308
Pred_obs_loss_task  474102
Pred_rew_loss_task       3.76421e+06
AverageReturn           26
Epoch                   93
SampleStep            5764
------------------  ----------------
2021-06-18 15:33:03.220695 CST | [2021_06_18_15_29_30] Iteration #5764 | Epoch Duration: 33.29449009895325
2021-06-18 15:33:03.220782 CST | [2021_06_18_15_29_30] Iteration #5764 | Started Training: True
------------------  --------
ELBO_task           -60461.2
loglikelihood_task  -60459.3
KL_loss_task         19096.7
Pred_obs_loss_task  523335
Pred_rew_loss_task   36971.4
AverageReturn           24
Epoch                   99
SampleStep            6144
------------------  --------
2021-06-18 15:34:55.386665 CST | [2021_06_18_15_29_30] Iteration #6144 | Epoch Duration: 41.0288302898407
2021-06-18 15:34:55.386750 CST | [2021_06_18_15_29_30] Iteration #6144 | Started Training: True
------------------  --------
ELBO_task           -25451.4
loglikelihood_task  -25449.5
KL_loss_task         19070.6
Pred_obs_loss_task  125084
Pred_rew_loss_task   25058.6
AverageReturn           24
Epoch                  102
SampleStep            6382
------------------  --------
2021-06-18 15:36:03.101386 CST | [2021_06_18_15_29_30] Iteration #6382 | Epoch Duration: 33.01937985420227
2021-06-18 15:36:03.101472 CST | [2021_06_18_15_29_30] Iteration #6382 | Started Training: True
------------------  --------
ELBO_task           -25929.1
loglikelihood_task  -25927.2
KL_loss_task         19135.5
Pred_obs_loss_task   98758.4
Pred_rew_loss_task   28397.2
AverageReturn           25
Epoch                  108
SampleStep            6668
------------------  --------
2021-06-18 15:37:31.689111 CST | [2021_06_18_15_29_30] Iteration #6668 | Epoch Duration: 25.09830617904663
2021-06-18 15:37:31.689206 CST | [2021_06_18_15_29_30] Iteration #6668 | Started Training: True
