------------------  ---------------
ELBO_task              -3.76149e+09
loglikelihood_task     -3.76149e+09
KL_loss_task        23660.5
Pred_obs_loss_task      5.44627e+07
Pred_rew_loss_task      3.81228e+06
AverageReturn          24
Epoch                  83
SampleStep           5050
------------------  ---------------
2021-06-18 14:32:37.337910 CST | [2021_06_18_14_32_34] Iteration #5050 | Epoch Duration: 3.108036994934082
2021-06-18 14:32:37.338000 CST | [2021_06_18_14_32_34] Iteration #5050 | Started Training: True
------------------  ----------------
ELBO_task               -1.31189e+08
loglikelihood_task      -1.31189e+08
KL_loss_task         21618.6
Pred_obs_loss_task       2.02114e+07
Pred_rew_loss_task  104378
AverageReturn           24
Epoch                   84
SampleStep            5108
------------------  ----------------
2021-06-18 14:32:47.662256 CST | [2021_06_18_14_32_34] Iteration #5108 | Epoch Duration: 10.324177503585815
2021-06-18 14:32:47.662336 CST | [2021_06_18_14_32_34] Iteration #5108 | Started Training: True
------------------  ---------------
ELBO_task              -1.2995e+06
loglikelihood_task     -1.2995e+06
KL_loss_task        20337.3
Pred_obs_loss_task      1.33911e+07
Pred_rew_loss_task  65676.2
AverageReturn          24
Epoch                  88
SampleStep           5468
------------------  ---------------
2021-06-18 14:33:45.755231 CST | [2021_06_18_14_32_34] Iteration #5468 | Epoch Duration: 14.554865837097168
2021-06-18 14:33:45.755323 CST | [2021_06_18_14_32_34] Iteration #5468 | Started Training: True
------------------  -----------------
ELBO_task           -446313
loglikelihood_task  -446311
KL_loss_task          18350.6
Pred_obs_loss_task        6.29485e+06
Pred_rew_loss_task    30036.2
AverageReturn            24
Epoch                    91
SampleStep             5706
------------------  -----------------
2021-06-18 14:34:25.856477 CST | [2021_06_18_14_32_34] Iteration #5706 | Epoch Duration: 19.162961959838867
2021-06-18 14:34:25.856560 CST | [2021_06_18_14_32_34] Iteration #5706 | Started Training: True
