------------------  ---------------
ELBO_task              -4.31235e+11
loglikelihood_task     -4.31235e+11
KL_loss_task        23900.4
Pred_obs_loss_task      2.27249e+07
Pred_rew_loss_task      9.63798e+06
AverageReturn          24
Epoch                  86
SampleStep           5006
------------------  ---------------
2021-06-18 12:26:27.499605 CST | [2021_06_18_12_26_24] Iteration #5006 | Epoch Duration: 3.0655789375305176
2021-06-18 12:26:27.499697 CST | [2021_06_18_12_26_24] Iteration #5006 | Started Training: True
------------------  ---------------
ELBO_task              -1.43199e+09
loglikelihood_task     -1.43199e+09
KL_loss_task        22086.5
Pred_obs_loss_task      9.21381e+06
Pred_rew_loss_task  19407.7
AverageReturn          31
Epoch                  87
SampleStep           5199
------------------  ---------------
2021-06-18 12:26:31.918054 CST | [2021_06_18_12_26_24] Iteration #5199 | Epoch Duration: 4.4182727336883545
2021-06-18 12:26:31.918132 CST | [2021_06_18_12_26_24] Iteration #5199 | Started Training: True
------------------  ---------------
ELBO_task              -3.08783e+08
loglikelihood_task     -3.08783e+08
KL_loss_task        20981.5
Pred_obs_loss_task      8.1342e+06
Pred_rew_loss_task  21606.5
AverageReturn           0
Epoch                  90
SampleStep           5924
------------------  ---------------
2021-06-18 12:26:46.435592 CST | [2021_06_18_12_26_24] Iteration #5924 | Epoch Duration: 8.025270462036133
2021-06-18 12:26:46.435675 CST | [2021_06_18_12_26_24] Iteration #5924 | Started Training: True
------------------  ---------------
ELBO_task              -2.07714e+08
loglikelihood_task     -2.07714e+08
KL_loss_task        19615.9
Pred_obs_loss_task      6.45882e+06
Pred_rew_loss_task  16815.6
AverageReturn           0
Epoch                  91
SampleStep           6526
------------------  ---------------
2021-06-18 12:26:54.446002 CST | [2021_06_18_12_26_24] Iteration #6526 | Epoch Duration: 8.0102379322052
2021-06-18 12:26:54.446081 CST | [2021_06_18_12_26_24] Iteration #6526 | Started Training: True
------------------  ---------------
ELBO_task              -1.51921e+08
loglikelihood_task     -1.51921e+08
KL_loss_task        19490.4
Pred_obs_loss_task      6.14117e+06
Pred_rew_loss_task  16100.7
AverageReturn           0
Epoch                  92
SampleStep           7128
------------------  ---------------
2021-06-18 12:27:02.454271 CST | [2021_06_18_12_26_24] Iteration #7128 | Epoch Duration: 8.008110761642456
2021-06-18 12:27:02.454354 CST | [2021_06_18_12_26_24] Iteration #7128 | Started Training: True
------------------  ---------------
ELBO_task              -6.11993e+07
loglikelihood_task     -6.11993e+07
KL_loss_task        19435.7
Pred_obs_loss_task      6.03972e+06
Pred_rew_loss_task  14508.1
AverageReturn           0
Epoch                  93
SampleStep           7730
------------------  ---------------
2021-06-18 12:27:10.470470 CST | [2021_06_18_12_26_24] Iteration #7730 | Epoch Duration: 8.016023874282837
2021-06-18 12:27:10.470548 CST | [2021_06_18_12_26_24] Iteration #7730 | Started Training: True
------------------  ---------------
ELBO_task              -6.04617e+07
loglikelihood_task     -6.04617e+07
KL_loss_task        19405.4
Pred_obs_loss_task      5.64466e+06
Pred_rew_loss_task  18656.3
AverageReturn           0
Epoch                  94
SampleStep           8332
------------------  ---------------
2021-06-18 12:27:18.505887 CST | [2021_06_18_12_26_24] Iteration #8332 | Epoch Duration: 8.035248517990112
2021-06-18 12:27:18.505965 CST | [2021_06_18_12_26_24] Iteration #8332 | Started Training: True
------------------  ---------------
ELBO_task              -4.02351e+07
loglikelihood_task     -4.02351e+07
KL_loss_task        19410.3
Pred_obs_loss_task      5.28317e+06
Pred_rew_loss_task  16902.4
AverageReturn           0
Epoch                  95
SampleStep           8934
------------------  ---------------
2021-06-18 12:27:26.538112 CST | [2021_06_18_12_26_24] Iteration #8934 | Epoch Duration: 8.032066583633423
2021-06-18 12:27:26.538192 CST | [2021_06_18_12_26_24] Iteration #8934 | Started Training: True
------------------  ---------------
ELBO_task              -3.62529e+07
loglikelihood_task     -3.62529e+07
KL_loss_task        19437.6
Pred_obs_loss_task      4.86825e+06
Pred_rew_loss_task  17426.5
AverageReturn           0
Epoch                  96
SampleStep           9536
------------------  ---------------
2021-06-18 12:27:34.555081 CST | [2021_06_18_12_26_24] Iteration #9536 | Epoch Duration: 8.016802310943604
2021-06-18 12:27:34.555160 CST | [2021_06_18_12_26_24] Iteration #9536 | Started Training: True
------------------  ---------------
ELBO_task              -2.97851e+07
loglikelihood_task     -2.97851e+07
KL_loss_task        19481.8
Pred_obs_loss_task      4.46215e+06
Pred_rew_loss_task  17192
AverageReturn           0
Epoch                  97
SampleStep          10138
------------------  ---------------
2021-06-18 12:27:42.561175 CST | [2021_06_18_12_26_24] Iteration #10138 | Epoch Duration: 8.005920886993408
2021-06-18 12:27:42.561253 CST | [2021_06_18_12_26_24] Iteration #10138 | Started Training: True
------------------  ---------------
ELBO_task              -3.34446e+07
loglikelihood_task     -3.34446e+07
KL_loss_task        19540.9
Pred_obs_loss_task      4.00816e+06
Pred_rew_loss_task  15145.5
AverageReturn           0
Epoch                  98
SampleStep          10740
------------------  ---------------
2021-06-18 12:27:50.591683 CST | [2021_06_18_12_26_24] Iteration #10740 | Epoch Duration: 8.030338048934937
2021-06-18 12:27:50.591765 CST | [2021_06_18_12_26_24] Iteration #10740 | Started Training: True
------------------  ---------------
ELBO_task              -2.46375e+07
loglikelihood_task     -2.46375e+07
KL_loss_task        19615.1
Pred_obs_loss_task      3.43113e+06
Pred_rew_loss_task  17633.2
AverageReturn           0
Epoch                  99
SampleStep          11342
------------------  ---------------
2021-06-18 12:27:58.605896 CST | [2021_06_18_12_26_24] Iteration #11342 | Epoch Duration: 8.014034748077393
2021-06-18 12:27:58.605974 CST | [2021_06_18_12_26_24] Iteration #11342 | Started Training: True
------------------  ---------------
ELBO_task              -2.16987e+07
loglikelihood_task     -2.16987e+07
KL_loss_task        19703.2
Pred_obs_loss_task      2.93612e+06
Pred_rew_loss_task  17120.9
AverageReturn           0
Epoch                 100
SampleStep          11944
------------------  ---------------
2021-06-18 12:28:06.617504 CST | [2021_06_18_12_26_24] Iteration #11944 | Epoch Duration: 8.011445760726929
2021-06-18 12:28:06.617585 CST | [2021_06_18_12_26_24] Iteration #11944 | Started Training: True
------------------  ---------------
ELBO_task              -1.749e+07
loglikelihood_task     -1.749e+07
KL_loss_task        19805.4
Pred_obs_loss_task      2.41854e+06
Pred_rew_loss_task  22313.4
AverageReturn           0
Epoch                 101
SampleStep          12546
------------------  ---------------
2021-06-18 12:28:14.616242 CST | [2021_06_18_12_26_24] Iteration #12546 | Epoch Duration: 7.998577356338501
2021-06-18 12:28:14.616321 CST | [2021_06_18_12_26_24] Iteration #12546 | Started Training: True
------------------  ---------------
ELBO_task              -1.80813e+07
loglikelihood_task     -1.80813e+07
KL_loss_task        19920.2
Pred_obs_loss_task      1.90261e+06
Pred_rew_loss_task  24003.8
AverageReturn           0
Epoch                 102
SampleStep          13148
------------------  ---------------
2021-06-18 12:28:22.618313 CST | [2021_06_18_12_26_24] Iteration #13148 | Epoch Duration: 8.001913070678711
2021-06-18 12:28:22.618400 CST | [2021_06_18_12_26_24] Iteration #13148 | Started Training: True
------------------  ---------------
ELBO_task              -1.10459e+07
loglikelihood_task     -1.10459e+07
KL_loss_task        20048.2
Pred_obs_loss_task      1.38856e+06
Pred_rew_loss_task  22552.5
AverageReturn           0
Epoch                 103
SampleStep          13750
------------------  ---------------
2021-06-18 12:28:30.617042 CST | [2021_06_18_12_26_24] Iteration #13750 | Epoch Duration: 7.998549222946167
2021-06-18 12:28:30.617121 CST | [2021_06_18_12_26_24] Iteration #13750 | Started Training: True
------------------  ----------------
ELBO_task               -9.59912e+06
loglikelihood_task      -9.59912e+06
KL_loss_task         20188.2
Pred_obs_loss_task  992440
Pred_rew_loss_task   24355.8
AverageReturn            0
Epoch                  104
SampleStep           14352
------------------  ----------------
2021-06-18 12:28:38.618285 CST | [2021_06_18_12_26_24] Iteration #14352 | Epoch Duration: 8.001073598861694
2021-06-18 12:28:38.618364 CST | [2021_06_18_12_26_24] Iteration #14352 | Started Training: True
------------------  ----------------
ELBO_task               -8.98864e+06
loglikelihood_task      -8.98864e+06
KL_loss_task         20340.2
Pred_obs_loss_task  629039
Pred_rew_loss_task   24564.5
AverageReturn            0
Epoch                  105
SampleStep           14954
------------------  ----------------
2021-06-18 12:28:46.574711 CST | [2021_06_18_12_26_24] Iteration #14954 | Epoch Duration: 7.956255912780762
2021-06-18 12:28:46.574794 CST | [2021_06_18_12_26_24] Iteration #14954 | Started Training: True
------------------  ---------------
ELBO_task               -7.5505e+06
loglikelihood_task      -7.5505e+06
KL_loss_task         20508.3
Pred_obs_loss_task  390517
Pred_rew_loss_task   26573.1
AverageReturn            0
Epoch                  106
SampleStep           15556
------------------  ---------------
2021-06-18 12:28:54.561633 CST | [2021_06_18_12_26_24] Iteration #15556 | Epoch Duration: 7.986750364303589
2021-06-18 12:28:54.561710 CST | [2021_06_18_12_26_24] Iteration #15556 | Started Training: True
------------------  ----------------
ELBO_task               -6.10088e+06
loglikelihood_task      -6.10088e+06
KL_loss_task         20689.3
Pred_obs_loss_task  239666
Pred_rew_loss_task   18573.8
AverageReturn            0
Epoch                  107
SampleStep           16158
------------------  ----------------
2021-06-18 12:29:02.564733 CST | [2021_06_18_12_26_24] Iteration #16158 | Epoch Duration: 8.002943992614746
2021-06-18 12:29:02.564813 CST | [2021_06_18_12_26_24] Iteration #16158 | Started Training: True
------------------  ---------------
ELBO_task               -4.8188e+06
loglikelihood_task      -4.8188e+06
KL_loss_task         20884.1
Pred_obs_loss_task  177010
Pred_rew_loss_task   19379.4
AverageReturn           24
Epoch                  108
SampleStep           16376
------------------  ---------------
2021-06-18 12:29:07.183493 CST | [2021_06_18_12_26_24] Iteration #16376 | Epoch Duration: 4.618595123291016
2021-06-18 12:29:07.183572 CST | [2021_06_18_12_26_24] Iteration #16376 | Started Training: True
------------------  ----------------
ELBO_task               -4.92259e+06
loglikelihood_task      -4.92259e+06
KL_loss_task         21090.8
Pred_obs_loss_task  158479
Pred_rew_loss_task   24276.5
AverageReturn            0
Epoch                  109
SampleStep           16978
------------------  ----------------
2021-06-18 12:29:15.182603 CST | [2021_06_18_12_26_24] Iteration #16978 | Epoch Duration: 7.998938083648682
2021-06-18 12:29:15.182682 CST | [2021_06_18_12_26_24] Iteration #16978 | Started Training: True
------------------  ----------------
ELBO_task               -3.0381e+06
loglikelihood_task      -3.03809e+06
KL_loss_task         21310.8
Pred_obs_loss_task  132439
Pred_rew_loss_task   20319.5
AverageReturn            0
Epoch                  110
SampleStep           17580
------------------  ----------------
2021-06-18 12:29:23.180354 CST | [2021_06_18_12_26_24] Iteration #17580 | Epoch Duration: 7.997581958770752
2021-06-18 12:29:23.180436 CST | [2021_06_18_12_26_24] Iteration #17580 | Started Training: True
------------------  ----------------
ELBO_task               -2.37319e+06
loglikelihood_task      -2.37319e+06
KL_loss_task         21539.7
Pred_obs_loss_task  138729
Pred_rew_loss_task   22075.9
AverageReturn            0
Epoch                  111
SampleStep           18182
------------------  ----------------
2021-06-18 12:29:31.193749 CST | [2021_06_18_12_26_24] Iteration #18182 | Epoch Duration: 8.013231754302979
2021-06-18 12:29:31.193843 CST | [2021_06_18_12_26_24] Iteration #18182 | Started Training: True
------------------  ----------------
ELBO_task               -2.22185e+06
loglikelihood_task      -2.22185e+06
KL_loss_task         21781.1
Pred_obs_loss_task  127675
Pred_rew_loss_task   23110.8
AverageReturn            0
Epoch                  112
SampleStep           18784
------------------  ----------------
2021-06-18 12:29:39.216864 CST | [2021_06_18_12_26_24] Iteration #18784 | Epoch Duration: 8.022933959960938
2021-06-18 12:29:39.216943 CST | [2021_06_18_12_26_24] Iteration #18784 | Started Training: True
------------------  ----------------
ELBO_task               -1.74372e+06
loglikelihood_task      -1.74372e+06
KL_loss_task         22034.8
Pred_obs_loss_task  113607
Pred_rew_loss_task   19901.8
AverageReturn            0
Epoch                  113
SampleStep           19386
------------------  ----------------
2021-06-18 12:29:47.245053 CST | [2021_06_18_12_26_24] Iteration #19386 | Epoch Duration: 8.028027772903442
2021-06-18 12:29:47.245145 CST | [2021_06_18_12_26_24] Iteration #19386 | Started Training: True
------------------  ---------------
ELBO_task              -1.827e+06
loglikelihood_task     -1.82699e+06
KL_loss_task        22297.2
Pred_obs_loss_task  99992.2
Pred_rew_loss_task  22107.4
AverageReturn           0
Epoch                 114
SampleStep          19988
------------------  ---------------
2021-06-18 12:29:55.297276 CST | [2021_06_18_12_26_24] Iteration #19988 | Epoch Duration: 8.052037000656128
2021-06-18 12:29:55.297356 CST | [2021_06_18_12_26_24] Iteration #19988 | Started Training: True
------------------  --------------
ELBO_task              -1.1804e+06
loglikelihood_task     -1.1804e+06
KL_loss_task        22570.8
Pred_obs_loss_task  86209.2
Pred_rew_loss_task  17470.9
AverageReturn           0
Epoch                 115
SampleStep          20590
------------------  --------------
2021-06-18 12:30:03.356869 CST | [2021_06_18_12_26_24] Iteration #20590 | Epoch Duration: 8.059434175491333
2021-06-18 12:30:03.356960 CST | [2021_06_18_12_26_24] Iteration #20590 | Started Training: True
------------------  ---------------
ELBO_task              -1.30923e+06
loglikelihood_task     -1.30923e+06
KL_loss_task        22850.1
Pred_obs_loss_task  82237.2
Pred_rew_loss_task  19767.7
AverageReturn           0
Epoch                 116
SampleStep          21192
------------------  ---------------
2021-06-18 12:30:11.377070 CST | [2021_06_18_12_26_24] Iteration #21192 | Epoch Duration: 8.020031213760376
2021-06-18 12:30:11.377162 CST | [2021_06_18_12_26_24] Iteration #21192 | Started Training: True
------------------  ---------------
ELBO_task              -1.02873e+06
loglikelihood_task     -1.02872e+06
KL_loss_task        23142
Pred_obs_loss_task  73191.9
Pred_rew_loss_task  18317.1
AverageReturn           0
Epoch                 117
SampleStep          21794
------------------  ---------------
2021-06-18 12:30:19.401857 CST | [2021_06_18_12_26_24] Iteration #21794 | Epoch Duration: 8.02461552619934
2021-06-18 12:30:19.401948 CST | [2021_06_18_12_26_24] Iteration #21794 | Started Training: True
------------------  ---------
ELBO_task           -621401
loglikelihood_task  -621399
KL_loss_task          23440.4
Pred_obs_loss_task    58123.6
Pred_rew_loss_task    17067.6
AverageReturn             0
Epoch                   118
SampleStep            22396
------------------  ---------
2021-06-18 12:30:27.429875 CST | [2021_06_18_12_26_24] Iteration #22396 | Epoch Duration: 8.027846574783325
2021-06-18 12:30:27.429969 CST | [2021_06_18_12_26_24] Iteration #22396 | Started Training: True
------------------  ---------
ELBO_task           -557835
loglikelihood_task  -557832
KL_loss_task          23747.9
Pred_obs_loss_task    49688.7
Pred_rew_loss_task    14876
AverageReturn             0
Epoch                   119
SampleStep            22998
------------------  ---------
2021-06-18 12:30:35.466783 CST | [2021_06_18_12_26_24] Iteration #22998 | Epoch Duration: 8.036719560623169
2021-06-18 12:30:35.466871 CST | [2021_06_18_12_26_24] Iteration #22998 | Started Training: True
------------------  ---------
ELBO_task           -538997
loglikelihood_task  -538995
KL_loss_task          24061.2
Pred_obs_loss_task    40535.6
Pred_rew_loss_task    12464.7
AverageReturn             0
Epoch                   120
SampleStep            23600
------------------  ---------
2021-06-18 12:30:43.488886 CST | [2021_06_18_12_26_24] Iteration #23600 | Epoch Duration: 8.021931648254395
2021-06-18 12:30:43.488978 CST | [2021_06_18_12_26_24] Iteration #23600 | Started Training: True
------------------  ---------
ELBO_task           -413193
loglikelihood_task  -413190
KL_loss_task          24384.4
Pred_obs_loss_task    36011.2
Pred_rew_loss_task    11091.1
AverageReturn             0
Epoch                   121
SampleStep            24202
------------------  ---------
2021-06-18 12:30:51.543862 CST | [2021_06_18_12_26_24] Iteration #24202 | Epoch Duration: 8.054790735244751
2021-06-18 12:30:51.543940 CST | [2021_06_18_12_26_24] Iteration #24202 | Started Training: True
------------------  ----------
ELBO_task           -313682
loglikelihood_task  -313679
KL_loss_task          24714.8
Pred_obs_loss_task    30429.9
Pred_rew_loss_task     9520.94
AverageReturn             0
Epoch                   122
SampleStep            24804
------------------  ----------
2021-06-18 12:30:59.619085 CST | [2021_06_18_12_26_24] Iteration #24804 | Epoch Duration: 8.075062990188599
2021-06-18 12:30:59.619176 CST | [2021_06_18_12_26_24] Iteration #24804 | Started Training: True
------------------  ----------
ELBO_task           -276548
loglikelihood_task  -276546
KL_loss_task          25050.4
Pred_obs_loss_task    28351.3
Pred_rew_loss_task     8859.23
AverageReturn             0
Epoch                   123
SampleStep            25406
------------------  ----------
2021-06-18 12:31:07.750958 CST | [2021_06_18_12_26_24] Iteration #25406 | Epoch Duration: 8.131686687469482
2021-06-18 12:31:07.751036 CST | [2021_06_18_12_26_24] Iteration #25406 | Started Training: True
------------------  ---------
ELBO_task           -226266
loglikelihood_task  -226264
KL_loss_task          25397
Pred_obs_loss_task    25254.1
Pred_rew_loss_task     8331.3
AverageReturn             0
Epoch                   124
SampleStep            26008
------------------  ---------
2021-06-18 12:31:15.783722 CST | [2021_06_18_12_26_24] Iteration #26008 | Epoch Duration: 8.032608032226562
2021-06-18 12:31:15.783800 CST | [2021_06_18_12_26_24] Iteration #26008 | Started Training: True
------------------  ----------
ELBO_task           -198869
loglikelihood_task  -198867
KL_loss_task          25745
Pred_obs_loss_task    24974.9
Pred_rew_loss_task     7665.81
AverageReturn             0
Epoch                   125
SampleStep            26610
------------------  ----------
2021-06-18 12:31:23.806613 CST | [2021_06_18_12_26_24] Iteration #26610 | Epoch Duration: 8.022722005844116
2021-06-18 12:31:23.806698 CST | [2021_06_18_12_26_24] Iteration #26610 | Started Training: True
------------------  ----------
ELBO_task           -149142
loglikelihood_task  -149139
KL_loss_task          26103.4
Pred_obs_loss_task    20373.2
Pred_rew_loss_task     6460.47
AverageReturn             0
Epoch                   126
SampleStep            27212
------------------  ----------
2021-06-18 12:31:31.814400 CST | [2021_06_18_12_26_24] Iteration #27212 | Epoch Duration: 8.00762152671814
2021-06-18 12:31:31.814483 CST | [2021_06_18_12_26_24] Iteration #27212 | Started Training: True
------------------  ----------
ELBO_task           -136063
loglikelihood_task  -136061
KL_loss_task          26469.9
Pred_obs_loss_task    20106.3
Pred_rew_loss_task     6018.72
AverageReturn             0
Epoch                   127
SampleStep            27814
------------------  ----------
2021-06-18 12:31:39.813758 CST | [2021_06_18_12_26_24] Iteration #27814 | Epoch Duration: 7.999186992645264
2021-06-18 12:31:39.813839 CST | [2021_06_18_12_26_24] Iteration #27814 | Started Training: True
------------------  ----------
ELBO_task           -115882
loglikelihood_task  -115879
KL_loss_task          26846.1
Pred_obs_loss_task    18026.2
Pred_rew_loss_task     5871.45
AverageReturn             0
Epoch                   128
SampleStep            28416
------------------  ----------
2021-06-18 12:31:47.821742 CST | [2021_06_18_12_26_24] Iteration #28416 | Epoch Duration: 8.007808685302734
2021-06-18 12:31:47.821824 CST | [2021_06_18_12_26_24] Iteration #28416 | Started Training: True
------------------  --------
ELBO_task           -81988.8
loglikelihood_task  -81986.1
KL_loss_task         27221.9
Pred_obs_loss_task   16136.9
Pred_rew_loss_task    5271.2
AverageReturn            0
Epoch                  129
SampleStep           29018
------------------  --------
2021-06-18 12:31:55.826059 CST | [2021_06_18_12_26_24] Iteration #29018 | Epoch Duration: 8.004152536392212
2021-06-18 12:31:55.826148 CST | [2021_06_18_12_26_24] Iteration #29018 | Started Training: True
------------------  ---------
ELBO_task           -93308.7
loglikelihood_task  -93305.9
KL_loss_task         27608
Pred_obs_loss_task   14284.3
Pred_rew_loss_task    4067.25
AverageReturn            0
Epoch                  130
SampleStep           29620
------------------  ---------
2021-06-18 12:32:03.825900 CST | [2021_06_18_12_26_24] Iteration #29620 | Epoch Duration: 7.999670505523682
2021-06-18 12:32:03.825991 CST | [2021_06_18_12_26_24] Iteration #29620 | Started Training: True
------------------  ---------
ELBO_task           -74919.9
loglikelihood_task  -74917.1
KL_loss_task         27998.4
Pred_obs_loss_task   12358
Pred_rew_loss_task    4364.59
AverageReturn            0
Epoch                  131
SampleStep           30222
------------------  ---------
2021-06-18 12:32:11.847279 CST | [2021_06_18_12_26_24] Iteration #30222 | Epoch Duration: 8.021206855773926
2021-06-18 12:32:11.847358 CST | [2021_06_18_12_26_24] Iteration #30222 | Started Training: True
