------------------  ---------------
ELBO_task              -1.45459e+11
loglikelihood_task     -1.45459e+11
KL_loss_task        23946
Pred_obs_loss_task      3.95611e+07
Pred_rew_loss_task      1.91449e+06
AverageReturn          24
Epoch                  88
SampleStep           5052
------------------  ---------------
2021-06-18 12:21:30.319355 CST | [2021_06_18_12_21_27] Iteration #5052 | Epoch Duration: 3.0806119441986084
2021-06-18 12:21:30.319434 CST | [2021_06_18_12_21_27] Iteration #5052 | Started Training: True
------------------  ---------------
ELBO_task              -2.27482e+08
loglikelihood_task     -2.27482e+08
KL_loss_task        22509.8
Pred_obs_loss_task      1.16477e+07
Pred_rew_loss_task  49757
AverageReturn          24
Epoch                  90
SampleStep           5136
------------------  ---------------
2021-06-18 12:21:36.526705 CST | [2021_06_18_12_21_27] Iteration #5136 | Epoch Duration: 3.268688201904297
2021-06-18 12:21:36.526798 CST | [2021_06_18_12_21_27] Iteration #5136 | Started Training: True
